Running in desktop mode
Chat input box is visible
Sending English prompt
Sent text via send_keys: Hello
{'event': 'prompt_sent', 'prompt_len': 5, 'prompt_preview': 'Hello'}
{'event': 'response_received', 'chars': 340, 'delay_s': 3.58}
English similarity: 0.756
Chat input box is visible
Sending English prompt
Sent text via send_keys: Who are you?
{'event': 'prompt_sent', 'prompt_len': 12, 'prompt_preview': 'Who are you?'}
{'event': 'short_or_interim_detected', 'chars': 13, 'is_interim': False}
{'event': 'observed_growth', 'chars': 753}
{'event': 'response_received', 'chars': 752, 'delay_s': 3.8}
English similarity: 0.945
Chat input box is visible
Sending Arabic prompt
Sent text via send_keys: مرحبا
{'event': 'prompt_sent', 'prompt_len': 5, 'prompt_preview': 'مرحبا'}
{'event': 'short_or_interim_detected', 'chars': 22, 'is_interim': False}
{'event': 'observed_growth', 'chars': 315}
{'event': 'response_received', 'chars': 314, 'delay_s': 3.76}
Arabic similarity: 0.889
Chat input box is visible
Sending Arabic prompt
Sent text via send_keys: من أنت؟
{'event': 'prompt_sent', 'prompt_len': 7, 'prompt_preview': 'من أنت؟'}
{'event': 'response_received', 'chars': 658, 'delay_s': 5.16}
Arabic similarity: 0.858
Closing desktop driver session
Running in mobile emulation mode
Chat input box is visible
Sending English prompt
Sent text via send_keys: Hello
Clicked send button
{'event': 'prompt_sent', 'prompt_len': 5, 'prompt_preview': 'Hello'}
{'event': 'short_or_interim_detected', 'chars': 22, 'is_interim': False}
{'event': 'response_received', 'chars': 22, 'delay_s': 3.77}
Saved debug artifacts for short response: screenshots/debug-20251104T123444-bb6a25-1762240211.png, screenshots/debug-20251104T123444-bb6a25-1762240211.html
English response seems incomplete, retrying
{'event': 'response_received', 'chars': 284, 'delay_s': 9.28}
English similarity: 0.88
Chat input box is visible
Sending English prompt
Sent text via send_keys: Who are you?
Clicked send button
{'event': 'prompt_sent', 'prompt_len': 12, 'prompt_preview': 'Who are you?'}
{'event': 'response_received', 'chars': 646, 'delay_s': 5.6}
English similarity: 0.95
Chat input box is visible
Sending Arabic prompt
Sent text via send_keys: مرحبا
Clicked send button
{'event': 'prompt_sent', 'prompt_len': 5, 'prompt_preview': 'مرحبا'}
{'event': 'response_received', 'chars': 262, 'delay_s': 5.29}
Arabic similarity: 0.789
Chat input box is visible
Sending Arabic prompt
Sent text via send_keys: من أنت؟
Clicked send button
{'event': 'prompt_sent', 'prompt_len': 7, 'prompt_preview': 'من أنت؟'}
{'event': 'response_received', 'chars': 500, 'delay_s': 6.31}
Arabic similarity: 0.877
Closing mobile driver session
