Running in desktop mode
Chat input box is visible
Sending English prompt
Sent text via send_keys: Hello
{'event': 'prompt_sent', 'prompt_len': 5, 'prompt_preview': 'Hello'}
{'event': 'response_received', 'chars': 310, 'delay_s': 3.66}
English similarity: 0.713
Chat input box is visible
Sending English prompt
Sent text via send_keys: Who are you?
{'event': 'prompt_sent', 'prompt_len': 12, 'prompt_preview': 'Who are you?'}
{'event': 'response_received', 'chars': 658, 'delay_s': 3.94}
English similarity: 0.948
Chat input box is visible
Sending English prompt
Sent text via send_keys: What is the capital city of the United Arab Emirates?
{'event': 'prompt_sent', 'prompt_len': 53, 'prompt_preview': 'What is the capital city of the United Arab Emirates?'}
{'event': 'response_received', 'chars': 116, 'delay_s': 3.11}
English similarity: 0.924
Chat input box is visible
Sending Arabic prompt
Sent text via send_keys: مرحبا
{'event': 'prompt_sent', 'prompt_len': 5, 'prompt_preview': 'مرحبا'}
{'event': 'response_received', 'chars': 188, 'delay_s': 3.38}
Arabic similarity: 0.749
Chat input box is visible
Sending Arabic prompt
Sent text via send_keys: من أنت؟
{'event': 'prompt_sent', 'prompt_len': 7, 'prompt_preview': 'من أنت؟'}
{'event': 'response_received', 'chars': 492, 'delay_s': 3.67}
Arabic similarity: 0.879
Closing desktop driver session
Running in mobile emulation mode
Chat input box is visible
Sending English prompt
Sent text via send_keys: Hello
Clicked send button
{'event': 'prompt_sent', 'prompt_len': 5, 'prompt_preview': 'Hello'}
{'event': 'response_received', 'chars': 324, 'delay_s': 5.69}
English similarity: 0.733
Chat input box is visible
Sending English prompt
Sent text via send_keys: Who are you?
Clicked send button
{'event': 'prompt_sent', 'prompt_len': 12, 'prompt_preview': 'Who are you?'}
{'event': 'response_received', 'chars': 732, 'delay_s': 5.89}
English similarity: 0.927
Chat input box is visible
Sending English prompt
Sent text via send_keys: What is the capital city of the United Arab Emirates?
Clicked send button
{'event': 'prompt_sent', 'prompt_len': 53, 'prompt_preview': 'What is the capital city of the United Arab Emirates?'}
{'event': 'response_received', 'chars': 591, 'delay_s': 5.39}
English similarity: 0.839
Chat input box is visible
Sending Arabic prompt
Sent text via send_keys: مرحبا
Clicked send button
{'event': 'prompt_sent', 'prompt_len': 5, 'prompt_preview': 'مرحبا'}
{'event': 'short_or_interim_detected', 'chars': 22, 'is_interim': False}
{'event': 'observed_growth', 'chars': 79}
{'event': 'observed_growth', 'chars': 219}
{'event': 'response_received', 'chars': 218, 'delay_s': 4.67}
Arabic similarity: 0.756
Chat input box is visible
Sending Arabic prompt
Sent text via send_keys: من أنت؟
Clicked send button
{'event': 'prompt_sent', 'prompt_len': 7, 'prompt_preview': 'من أنت؟'}
{'event': 'short_or_interim_detected', 'chars': 22, 'is_interim': False}
{'event': 'response_received', 'chars': 22, 'delay_s': 3.82}
Saved debug artifacts for short response: screenshots/debug-20251104T144655-8c1954-1762248636.png, screenshots/debug-20251104T144655-8c1954-1762248636.html
Arabic response seems incomplete, retrying
{'event': 'response_received', 'chars': 518, 'delay_s': 10.73}
Arabic similarity: 0.852
Closing mobile driver session
