Running in desktop mode
Chat input box is visible
Sending English prompt
Sent text via send_keys: Hello
{'event': 'prompt_sent', 'prompt_len': 5, 'prompt_preview': 'Hello'}
{'event': 'response_received', 'chars': 256, 'delay_s': 3.6}
English similarity: 0.924
Chat input box is visible
Sending English prompt
Sent text via send_keys: Who are you?
{'event': 'prompt_sent', 'prompt_len': 12, 'prompt_preview': 'Who are you?'}
{'event': 'response_received', 'chars': 668, 'delay_s': 3.88}
English similarity: 0.961
Chat input box is visible
Sending Arabic prompt
Sent text via send_keys: مرحبا
{'event': 'prompt_sent', 'prompt_len': 5, 'prompt_preview': 'مرحبا'}
{'event': 'response_received', 'chars': 258, 'delay_s': 3.67}
Arabic similarity: 0.78
Closing desktop driver session
