Running in desktop mode
Chat input box is visible
Sending English prompt
Sent text via send_keys: Hello
{'event': 'prompt_sent', 'prompt_len': 5, 'prompt_preview': 'Hello'}
{'event': 'response_received', 'chars': 256, 'delay_s': 3.26}
English similarity: 0.924
Chat input box is visible
Sending English prompt
Sent text via send_keys: Who are you?
{'event': 'prompt_sent', 'prompt_len': 12, 'prompt_preview': 'Who are you?'}
{'event': 'response_received', 'chars': 564, 'delay_s': 3.95}
English similarity: 0.952
Chat input box is visible
Sending Arabic prompt
Sent text via send_keys: مرحبا
{'event': 'prompt_sent', 'prompt_len': 5, 'prompt_preview': 'مرحبا'}
{'event': 'response_received', 'chars': 252, 'delay_s': 3.31}
Arabic similarity: 0.793
Chat input box is visible
Sending Arabic prompt
Sent text via send_keys: من أنت؟
{'event': 'prompt_sent', 'prompt_len': 7, 'prompt_preview': 'من أنت؟'}
{'event': 'short_or_interim_detected', 'chars': 13, 'is_interim': False}
{'event': 'response_received', 'chars': 13, 'delay_s': 2.87}
Saved debug artifacts for short response: screenshots/debug-20251104T131135-943cab-1762242313.png, screenshots/debug-20251104T131135-943cab-1762242313.html
Arabic response seems incomplete, retrying
{'event': 'short_or_interim_detected', 'chars': 13, 'is_interim': False}
{'event': 'response_received', 'chars': 13, 'delay_s': 6.99}
Saved debug artifacts for short response: screenshots/debug-20251104T131135-943cab-1762242317.png, screenshots/debug-20251104T131135-943cab-1762242317.html
Arabic similarity: 0.161
Closing desktop driver session
