Running in desktop mode
Chat input box is visible
Sending English prompt
Sent text via send_keys: Hello
{'event': 'prompt_sent', 'prompt_len': 5, 'prompt_preview': 'Hello'}
{'event': 'response_received', 'chars': 282, 'delay_s': 3.3}
English similarity: 0.836
Chat input box is visible
Sending English prompt
Sent text via send_keys: Who are you?
{'event': 'prompt_sent', 'prompt_len': 12, 'prompt_preview': 'Who are you?'}
{'event': 'response_received', 'chars': 620, 'delay_s': 4.14}
English similarity: 0.948
Closing desktop driver session
Running in mobile emulation mode
Chat input box is visible
Sending English prompt
Sent text via send_keys: Hello
Clicked send button
{'event': 'prompt_sent', 'prompt_len': 5, 'prompt_preview': 'Hello'}
{'event': 'response_received', 'chars': 290, 'delay_s': 5.86}
English similarity: 0.743
Chat input box is visible
Sending English prompt
Sent text via send_keys: Who are you?
Clicked send button
{'event': 'prompt_sent', 'prompt_len': 12, 'prompt_preview': 'Who are you?'}
{'event': 'response_received', 'chars': 728, 'delay_s': 6.07}
English similarity: 0.932
Closing mobile driver session
