Running in desktop mode
Chat input box is visible
Sending English prompt
Sent text via send_keys: Hello
{'event': 'prompt_sent', 'prompt_len': 5, 'prompt_preview': 'Hello'}
{'event': 'response_received', 'chars': 324, 'delay_s': 3.82}
English similarity: 0.725
Chat input box is visible
Sending English prompt
Sent text via send_keys: Who are you?
{'event': 'prompt_sent', 'prompt_len': 12, 'prompt_preview': 'Who are you?'}
{'event': 'response_received', 'chars': 772, 'delay_s': 3.6}
English similarity: 0.951
Chat input box is visible
Sending Arabic prompt
Sent text via send_keys: مرحبا
{'event': 'prompt_sent', 'prompt_len': 5, 'prompt_preview': 'مرحبا'}
{'event': 'response_received', 'chars': 304, 'delay_s': 3.27}
Arabic similarity: 0.906
Chat input box is visible
Sending Arabic prompt
Sent text via send_keys: من أنت؟
{'event': 'prompt_sent', 'prompt_len': 7, 'prompt_preview': 'من أنت؟'}
{'event': 'response_received', 'chars': 604, 'delay_s': 3.89}
Arabic similarity: 0.893
Closing desktop driver session
Running in mobile emulation mode
Chat input box is visible
Sending English prompt
Sent text via JS fallback: Hello
Clicked send button
{'event': 'prompt_sent', 'prompt_len': 5, 'prompt_preview': 'Hello'}
{'event': 'response_received', 'chars': 290, 'delay_s': 5.84}
English similarity: 0.743
Chat input box is visible
Sending English prompt
Sent text via send_keys: Who are you?
Clicked send button
{'event': 'prompt_sent', 'prompt_len': 12, 'prompt_preview': 'Who are you?'}
{'event': 'short_or_interim_detected', 'chars': 22, 'is_interim': False}
{'event': 'response_received', 'chars': 22, 'delay_s': 3.5}
Saved debug artifacts for short response: screenshots/debug-20251104T124808-9e86da-1762241248.png, screenshots/debug-20251104T124808-9e86da-1762241248.html
English response seems incomplete, retrying
{'event': 'response_received', 'chars': 648, 'delay_s': 10.12}
English similarity: 0.954
Chat input box is visible
Sending Arabic prompt
Sent text via send_keys: مرحبا
Clicked send button
{'event': 'prompt_sent', 'prompt_len': 5, 'prompt_preview': 'مرحبا'}
{'event': 'short_or_interim_detected', 'chars': 22, 'is_interim': False}
{'event': 'response_received', 'chars': 22, 'delay_s': 3.76}
Saved debug artifacts for short response: screenshots/debug-20251104T124808-9e86da-1762241329.png, screenshots/debug-20251104T124808-9e86da-1762241329.html
Arabic response seems incomplete, retrying
{'event': 'response_received', 'chars': 314, 'delay_s': 9.14}
Arabic similarity: 0.933
Chat input box is visible
Sending Arabic prompt
Sent text via send_keys: من أنت؟
Clicked send button
{'event': 'prompt_sent', 'prompt_len': 7, 'prompt_preview': 'من أنت؟'}
{'event': 'short_or_interim_detected', 'chars': 22, 'is_interim': False}
{'event': 'response_received', 'chars': 22, 'delay_s': 3.74}
Saved debug artifacts for short response: screenshots/debug-20251104T124808-9e86da-1762241459.png, screenshots/debug-20251104T124808-9e86da-1762241459.html
Arabic response seems incomplete, retrying
{'event': 'response_received', 'chars': 560, 'delay_s': 10.49}
Arabic similarity: 0.881
Closing mobile driver session
